2024-06-17T08:08:28  fix: handle empty input gracefully
2024-06-25T15:25:35  perf: micro-optimization
2024-07-27T10:42:42  style: formatting
2024-08-29T17:59:49  chore: bump dev tooling
2024-09-06T12:16:56  docs: expand examples
2024-10-09T19:33:03  test: strengthen coverage
2024-11-17T14:50:10  chore: tune defaults
2024-11-26T09:07:17  refactor: simplify helper
2024-12-28T16:24:24  chore: routine maintenance
2025-01-30T11:41:31  docs: clarify usage notes
2025-02-07T18:58:38  test: add edge case
2025-03-12T13:15:45  refactor: tidy internals
2025-03-27T08:32:52  fix: handle empty input gracefully
2025-04-29T15:49:59  perf: micro-optimization
2025-05-31T10:06:06  style: formatting
2025-06-09T17:23:13  chore: bump dev tooling
2025-07-11T12:40:20  docs: expand examples
2025-07-26T19:57:27  test: strengthen coverage
2025-08-28T14:14:34  chore: tune defaults
2025-09-29T09:31:41  refactor: simplify helper
2025-10-08T16:48:48  chore: routine maintenance
2025-11-09T11:05:55  docs: clarify usage notes
2025-12-12T18:22:02  test: add edge case
2025-12-27T13:39:09  refactor: tidy internals
2026-01-29T08:56:16  fix: handle empty input gracefully
2026-02-06T15:13:23  perf: micro-optimization
2026-03-11T10:30:30  style: formatting
2026-04-12T17:47:37  chore: bump dev tooling
2026-04-21T12:04:44  docs: expand examples
2026-05-30T19:21:51  test: strengthen coverage
2024-07-14T08:08:28  perf: speed. I am speed.
2024-11-10T15:25:35  fix: the cake is a lie, but the bug was real
2025-03-10T10:42:42  test: trust, but verify
2025-04-12T17:59:49  fix: 60% of the time, it works every time
2025-08-10T12:16:56  docs: here be dragons
2025-12-08T19:33:03  feat: with great power comes great test coverage
